[debug] [2022-07-01T13:13:52.647Z] ----------------------------------------------------------------------
[debug] [2022-07-01T13:13:52.649Z] Command:       C:\Program Files\nodejs\node.exe C:\Users\Lunacy\AppData\Roaming\npm\node_modules\firebase-tools\lib\bin\firebase.js init hosting
[debug] [2022-07-01T13:13:52.650Z] CLI Version:   11.2.0
[debug] [2022-07-01T13:13:52.650Z] Platform:      win32
[debug] [2022-07-01T13:13:52.650Z] Node Version:  v16.15.0
[debug] [2022-07-01T13:13:52.651Z] Time:          Fri Jul 01 2022 16:13:52 GMT+0300 (Eastern European Summer Time)
[debug] [2022-07-01T13:13:52.651Z] ----------------------------------------------------------------------
[debug] 
[debug] [2022-07-01T13:13:52.659Z] > command requires scopes: ["email","openid","https://www.googleapis.com/auth/cloudplatformprojects.readonly","https://www.googleapis.com/auth/firebase","https://www.googleapis.com/auth/cloud-platform"]
[debug] [2022-07-01T13:13:52.659Z] > authorizing via signed-in user (myfinalchaos1@gmail.com)
[info] 
     ######## #### ########  ######## ########     ###     ######  ########
     ##        ##  ##     ## ##       ##     ##  ##   ##  ##       ##
     ######    ##  ########  ######   ########  #########  ######  ######
     ##        ##  ##    ##  ##       ##     ## ##     ##       ## ##
     ##       #### ##     ## ######## ########  ##     ##  ######  ########

You're about to initialize a Firebase project in this directory:

  D:\Programming\react-defense-project

[info] 
=== Project Setup
[info] 
[info] First, let's associate this project directory with a Firebase project.
[info] You can create multiple project aliases by running firebase use --add, 
[info] but for now we'll just set up a default project.
[info] 
[debug] [2022-07-01T13:13:56.075Z] >>> [apiv2][query] GET https://firebase.googleapis.com/v1beta1/projects pageSize=100
[debug] [2022-07-01T13:13:56.535Z] <<< [apiv2][status] GET https://firebase.googleapis.com/v1beta1/projects 200
[debug] [2022-07-01T13:13:56.535Z] <<< [apiv2][body] GET https://firebase.googleapis.com/v1beta1/projects [omitted]
[info] i  Using project react-51914 (react) 
[info] 
=== Hosting Setup
[info] 
[info] Your public directory is the folder (relative to your project directory) that
[info] will contain Hosting assets to be uploaded with firebase deploy. If you
[info] have a build process for your assets, use your build's output directory.
[info] 
[debug] [2022-07-01T13:14:08.198Z] >>> [apiv2][query] GET https://www.gstatic.com/firebasejs/releases.json [none]
[debug] [2022-07-01T13:14:08.340Z] <<< [apiv2][status] GET https://www.gstatic.com/firebasejs/releases.json 200
[debug] [2022-07-01T13:14:08.341Z] <<< [apiv2][body] GET https://www.gstatic.com/firebasejs/releases.json {"current":{"version":"9.8.4","browserURL":"https://www.gstatic.com/firebasejs/9.8.4/firebase.js","packageURL":"https://www.gstatic.com/firebasejs/9.8.4/firebase.tgz"},"live":{"version":"9.8","browserURL":"https://www.gstatic.com/firebasejs/live/9.8/firebase.js","packageURL":"https://www.gstatic.com/firebasejs/live/9.8/firebase.tgz"},"components":{"analytics":"https://www.gstatic.com/firebasejs/9.8.4/firebase-analytics.js","app":"https://www.gstatic.com/firebasejs/9.8.4/firebase-app.js","app-check":"https://www.gstatic.com/firebasejs/9.8.4/firebase-app-check.js","auth":"https://www.gstatic.com/firebasejs/9.8.4/firebase-auth.js","auth/cordova":"https://www.gstatic.com/firebasejs/9.8.4/firebase-auth/cordova.js","auth/react-native":"https://www.gstatic.com/firebasejs/9.8.4/firebase-auth/react-native.js","functions":"https://www.gstatic.com/firebasejs/9.8.4/firebase-functions.js","firestore":"https://www.gstatic.com/firebasejs/9.8.4/firebase-firestore.js","firestore/lite":"https://www.gstatic.com/firebasejs/9.8.4/firebase-firestore/lite.js","storage":"https://www.gstatic.com/firebasejs/9.8.4/firebase-storage.js","performance":"https://www.gstatic.com/firebasejs/9.8.4/firebase-performance.js","remote-config":"https://www.gstatic.com/firebasejs/9.8.4/firebase-remote-config.js","messaging":"https://www.gstatic.com/firebasejs/9.8.4/firebase-messaging.js","messaging/sw":"https://www.gstatic.com/firebasejs/9.8.4/firebase-messaging/sw.js","database":"https://www.gstatic.com/firebasejs/9.8.4/firebase-database.js","firestore.memory":"https://www.gstatic.com/firebasejs/9.8.4/firebase-firestore.memory.js"}}
[info] +  Wrote public/index.html 
[info] 
[info] i  Detected a .git folder at D:\Programming\react-defense-project 
[info] i  Authorizing with GitHub to upload your service account to a GitHub repository's secrets store. 
[info] 
[info] Visit this URL on this device to log in:
[info] https://github.com/login/oauth/authorize?client_id=89cf50f02ac6aaed3484&state=36578689&redirect_uri=http%3A%2F%2Flocalhost%3A9005&scope=read%3Auser%20repo%20public_repo
[info] 
[info] Waiting for authentication...
[debug] [2022-07-01T13:14:26.291Z] >>> [apiv2][query] POST https://github.com/login/oauth/access_token [none]
[debug] [2022-07-01T13:14:26.291Z] >>> [apiv2][body] POST https://github.com/login/oauth/access_token [stream]
[debug] [2022-07-01T13:14:26.610Z] <<< [apiv2][status] POST https://github.com/login/oauth/access_token 200
[debug] [2022-07-01T13:14:26.610Z] <<< [apiv2][body] POST https://github.com/login/oauth/access_token {"access_token":"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","token_type":"bearer","scope":"read:user,repo"}
[debug] [2022-07-01T13:14:26.617Z] >>> [apiv2][query] GET https://api.github.com/user [none]
[debug] [2022-07-01T13:14:26.931Z] <<< [apiv2][status] GET https://api.github.com/user 200
[debug] [2022-07-01T13:14:26.931Z] <<< [apiv2][body] GET https://api.github.com/user {"login":"EmilAvramov","id":28429196,"node_id":"MDQ6VXNlcjI4NDI5MTk2","avatar_url":"https://avatars.githubusercontent.com/u/28429196?v=4","gravatar_id":"","url":"https://api.github.com/users/EmilAvramov","html_url":"https://github.com/EmilAvramov","followers_url":"https://api.github.com/users/EmilAvramov/followers","following_url":"https://api.github.com/users/EmilAvramov/following{/other_user}","gists_url":"https://api.github.com/users/EmilAvramov/gists{/gist_id}","starred_url":"https://api.github.com/users/EmilAvramov/starred{/owner}{/repo}","subscriptions_url":"https://api.github.com/users/EmilAvramov/subscriptions","organizations_url":"https://api.github.com/users/EmilAvramov/orgs","repos_url":"https://api.github.com/users/EmilAvramov/repos","events_url":"https://api.github.com/users/EmilAvramov/events{/privacy}","received_events_url":"https://api.github.com/users/EmilAvramov/received_events","type":"User","site_admin":false,"name":"Emil Avramov","company":null,"blog":"","location":"Sofia, Bulgaria","email":null,"hireable":null,"bio":null,"twitter_username":null,"public_repos":7,"public_gists":0,"followers":0,"following":1,"created_at":"2017-05-05T06:43:39Z","updated_at":"2022-06-06T22:28:45Z","private_gists":5,"total_private_repos":0,"owned_private_repos":0,"disk_usage":66213,"collaborators":0,"two_factor_authentication":true,"plan":{"name":"free","space":976562499,"collaborators":0,"private_repos":10000}}
[info] 
[info] +  Success! Logged into GitHub as EmilAvramov 
[info] 
[debug] [2022-07-01T13:14:43.933Z] >>> [apiv2][query] GET https://api.github.com/repos/EmilAvramov/react-defense-project/actions/secrets/public-key type=owner
[debug] [2022-07-01T13:14:44.195Z] <<< [apiv2][status] GET https://api.github.com/repos/EmilAvramov/react-defense-project/actions/secrets/public-key 404
[debug] [2022-07-01T13:14:44.195Z] <<< [apiv2][body] GET https://api.github.com/repos/EmilAvramov/react-defense-project/actions/secrets/public-key {"message":"Not Found","documentation_url":"https://docs.github.com/rest/reference/actions#get-a-repository-public-key"}
